  MyForm.cpp
C:\Users\Niro\source\repos\Transformaciones en el plano\Project3\CObjeto.h(499,42): warning C4244: 'argument': conversion from 'double' to 'int', possible loss of data
C:\Users\Niro\source\repos\Transformaciones en el plano\Project3\CObjeto.h(499,35): warning C4244: 'argument': conversion from 'double' to 'int', possible loss of data
C:\Users\Niro\source\repos\Transformaciones en el plano\Project3\CObjeto.h(499,32): warning C4244: 'argument': conversion from 'double' to 'int', possible loss of data
C:\Users\Niro\source\repos\Transformaciones en el plano\Project3\CObjeto.h(557,55): warning C4244: 'argument': conversion from 'double' to 'int', possible loss of data
C:\Users\Niro\source\repos\Transformaciones en el plano\Project3\CObjeto.h(557,47): warning C4244: 'argument': conversion from 'double' to 'int', possible loss of data
C:\Users\Niro\source\repos\Transformaciones en el plano\Project3\CObjeto.h(557,43): warning C4244: 'argument': conversion from 'double' to 'int', possible loss of data
C:\Users\Niro\source\repos\Transformaciones en el plano\Project3\CObjeto.h(586,57): warning C4244: 'argument': conversion from 'double' to 'int', possible loss of data
C:\Users\Niro\source\repos\Transformaciones en el plano\Project3\CObjeto.h(586,49): warning C4244: 'argument': conversion from 'double' to 'int', possible loss of data
C:\Users\Niro\source\repos\Transformaciones en el plano\Project3\CObjeto.h(586,44): warning C4244: 'argument': conversion from 'double' to 'int', possible loss of data
C:\Users\Niro\source\repos\Transformaciones en el plano\Project3\CObjeto.h(615,59): warning C4244: 'argument': conversion from 'double' to 'int', possible loss of data
C:\Users\Niro\source\repos\Transformaciones en el plano\Project3\CObjeto.h(615,51): warning C4244: 'argument': conversion from 'double' to 'int', possible loss of data
C:\Users\Niro\source\repos\Transformaciones en el plano\Project3\CObjeto.h(615,45): warning C4244: 'argument': conversion from 'double' to 'int', possible loss of data
C:\Users\Niro\source\repos\Transformaciones en el plano\Project3\CObjeto.h(644,57): warning C4244: 'argument': conversion from 'double' to 'int', possible loss of data
C:\Users\Niro\source\repos\Transformaciones en el plano\Project3\CObjeto.h(644,49): warning C4244: 'argument': conversion from 'double' to 'int', possible loss of data
C:\Users\Niro\source\repos\Transformaciones en el plano\Project3\CObjeto.h(644,44): warning C4244: 'argument': conversion from 'double' to 'int', possible loss of data
C:\Users\Niro\source\repos\Transformaciones en el plano\Project3\MyForm.h(128,54): warning C4244: 'argument': conversion from 'double' to 'int', possible loss of data
C:\Users\Niro\source\repos\Transformaciones en el plano\Project3\MyForm.h(128,51): warning C4244: 'argument': conversion from 'double' to 'int', possible loss of data
C:\Users\Niro\source\repos\Transformaciones en el plano\Project3\MyForm.h(129,59): warning C4244: 'argument': conversion from 'double' to 'int', possible loss of data
C:\Users\Niro\source\repos\Transformaciones en el plano\Project3\MyForm.h(129,56): warning C4244: 'argument': conversion from 'double' to 'int', possible loss of data
C:\Users\Niro\source\repos\Transformaciones en el plano\Project3\MyForm.h(130,59): warning C4244: 'argument': conversion from 'double' to 'int', possible loss of data
C:\Users\Niro\source\repos\Transformaciones en el plano\Project3\MyForm.h(130,56): warning C4244: 'argument': conversion from 'double' to 'int', possible loss of data
C:\Users\Niro\source\repos\Transformaciones en el plano\Project3\MyForm.h(131,59): warning C4244: 'argument': conversion from 'double' to 'int', possible loss of data
C:\Users\Niro\source\repos\Transformaciones en el plano\Project3\MyForm.h(131,56): warning C4244: 'argument': conversion from 'double' to 'int', possible loss of data
C:\Users\Niro\source\repos\Transformaciones en el plano\Project3\MyForm.h(132,59): warning C4244: 'argument': conversion from 'double' to 'int', possible loss of data
C:\Users\Niro\source\repos\Transformaciones en el plano\Project3\MyForm.h(132,56): warning C4244: 'argument': conversion from 'double' to 'int', possible loss of data
C:\Users\Niro\source\repos\Transformaciones en el plano\Project3\MyForm.h(133,59): warning C4244: 'argument': conversion from 'double' to 'int', possible loss of data
C:\Users\Niro\source\repos\Transformaciones en el plano\Project3\MyForm.h(133,56): warning C4244: 'argument': conversion from 'double' to 'int', possible loss of data
C:\Users\Niro\source\repos\Transformaciones en el plano\Project3\MyForm.h(134,57): warning C4244: 'argument': conversion from 'double' to 'int', possible loss of data
C:\Users\Niro\source\repos\Transformaciones en el plano\Project3\MyForm.h(134,54): warning C4244: 'argument': conversion from 'double' to 'int', possible loss of data
C:\Users\Niro\source\repos\Transformaciones en el plano\Project3\MyForm.h(180,58): warning C4244: 'argument': conversion from 'double' to 'int', possible loss of data
C:\Users\Niro\source\repos\Transformaciones en el plano\Project3\MyForm.h(180,55): warning C4244: 'argument': conversion from 'double' to 'int', possible loss of data
  .NETFramework,Version=v4.5.2.AssemblyAttributes.cpp
  Generating Code...
C:\Users\Niro\source\repos\Transformaciones en el plano\Project3\CVecObjeto.h(55): warning C4700: uninitialized local variable 'Largo' used
C:\Users\Niro\source\repos\Transformaciones en el plano\Project3\CVecObjeto.h(55): warning C4700: uninitialized local variable 'Ancho' used
  MyForm.obj : MSIL module encountered; incremental linking is disabled for MSIL; performing full link
  Project3.vcxproj -> C:\Users\Niro\source\repos\Transformaciones en el plano\x64\Debug\Project3.exe
